app/build/intermediates/manifest_merge_blame_file/release/manifest-merger-blame-release-report.txt
1<?xml version="1.0" encoding="utf-8"?>
2<manifest xmlns:android="http://schemas.android.com/apk/res/android"
3    package="com.example.kochakdns"
4    android:versionCode="1"
5    android:versionName="2.3" >
6
7    <uses-sdk
8        android:minSdkVersion="21"
9        android:targetSdkVersion="34" />
10
11    <!-- ========== مجوزهای ضروری ========== -->
12
13
14    <!-- دسترسی به اینترنت -->
15    <uses-permission android:name="android.permission.INTERNET" />
15-->src/main/AndroidManifest.xml:8:5-67
15-->src/main/AndroidManifest.xml:8:22-64
16
17    <!-- بررسی وضعیت شبکه -->
18    <uses-permission android:name="android.permission.ACCESS_NETWORK_STATE" />
18-->src/main/AndroidManifest.xml:11:5-79
18-->src/main/AndroidManifest.xml:11:22-76
19
20    <!-- برای اجرای VPN به صورت Foreground Service -->
21    <uses-permission android:name="android.permission.FOREGROUND_SERVICE" />
21-->src/main/AndroidManifest.xml:14:5-77
21-->src/main/AndroidManifest.xml:14:22-74
22
23    <!-- برای اندروید 14+ (API 34+) - نوع Foreground Service -->
24    <uses-permission android:name="android.permission.FOREGROUND_SERVICE_SPECIAL_USE" />
24-->src/main/AndroidManifest.xml:17:5-89
24-->src/main/AndroidManifest.xml:17:22-86
25
26    <!-- برای اندروید 13+ (API 33+) - نمایش نوتیفیکیشن VPN -->
27    <uses-permission android:name="android.permission.POST_NOTIFICATIONS" />
27-->src/main/AndroidManifest.xml:20:5-77
27-->src/main/AndroidManifest.xml:20:22-74
28
29    <!-- برای نصب بروزرسانی APK دانلودشده داخل برنامه -->
30    <uses-permission android:name="android.permission.REQUEST_INSTALL_PACKAGES" />
30-->src/main/AndroidManifest.xml:23:5-83
30-->src/main/AndroidManifest.xml:23:22-80
31
32    <!-- ========== دیدپذیری برنامه‌ها (اندروید 11+) ========== -->
33    <!--
34         فقط اپ‌های دارای لانچر دیده می‌شوند؛ به مجوز QUERY_ALL_PACKAGES
35         (که توسط Google Play محدود و توسط آنتی‌ویروس‌ها پرچم می‌خورد) نیازی نیست.
36    -->
37    <queries>
37-->src/main/AndroidManifest.xml:28:5-33:15
38        <intent>
38-->src/main/AndroidManifest.xml:29:9-32:18
39            <action android:name="android.intent.action.MAIN" />
39-->src/main/AndroidManifest.xml:30:13-65
39-->src/main/AndroidManifest.xml:30:21-62
40
41            <category android:name="android.intent.category.LAUNCHER" />
41-->src/main/AndroidManifest.xml:31:13-73
41-->src/main/AndroidManifest.xml:31:23-70
42        </intent>
43    </queries>
44
45    <permission
45-->[androidx.core:core:1.13.0] AndroidManifest.xml:22:5-24:47
46        android:name="com.example.kochakdns.DYNAMIC_RECEIVER_NOT_EXPORTED_PERMISSION"
46-->[androidx.core:core:1.13.0] AndroidManifest.xml:23:9-81
47        android:protectionLevel="signature" />
47-->[androidx.core:core:1.13.0] AndroidManifest.xml:24:9-44
48
49    <uses-permission android:name="com.example.kochakdns.DYNAMIC_RECEIVER_NOT_EXPORTED_PERMISSION" />
49-->[androidx.core:core:1.13.0] AndroidManifest.xml:26:5-97
49-->[androidx.core:core:1.13.0] AndroidManifest.xml:26:22-94
50
51    <application
51-->src/main/AndroidManifest.xml:35:5-105:19
52        android:allowBackup="true"
52-->src/main/AndroidManifest.xml:36:9-35
53        android:appComponentFactory="androidx.core.app.CoreComponentFactory"
53-->[androidx.core:core:1.13.0] AndroidManifest.xml:28:18-86
54        android:extractNativeLibs="true"
55        android:icon="@mipmap/ic_launcher"
55-->src/main/AndroidManifest.xml:37:9-43
56        android:label="@string/app_name"
56-->src/main/AndroidManifest.xml:38:9-41
57        android:roundIcon="@mipmap/ic_launcher_round"
57-->src/main/AndroidManifest.xml:39:9-54
58        android:supportsRtl="true"
58-->src/main/AndroidManifest.xml:40:9-35
59        android:theme="@style/Theme.AppCompat.NoActionBar" >
59-->src/main/AndroidManifest.xml:41:9-59
60
61        <!-- فعالیت اصلی برنامه -->
62        <activity
62-->src/main/AndroidManifest.xml:44:9-52:20
63            android:name="com.example.kochakdns.MainActivity"
63-->src/main/AndroidManifest.xml:45:13-41
64            android:exported="true"
64-->src/main/AndroidManifest.xml:46:13-36
65            android:screenOrientation="portrait" >
65-->src/main/AndroidManifest.xml:47:13-49
66            <intent-filter>
66-->src/main/AndroidManifest.xml:48:13-51:29
67                <action android:name="android.intent.action.MAIN" />
67-->src/main/AndroidManifest.xml:30:13-65
67-->src/main/AndroidManifest.xml:30:21-62
68
69                <category android:name="android.intent.category.LAUNCHER" />
69-->src/main/AndroidManifest.xml:31:13-73
69-->src/main/AndroidManifest.xml:31:23-70
70            </intent-filter>
71        </activity>
72
73        <!-- صفحه تنظیمات -->
74        <activity
74-->src/main/AndroidManifest.xml:55:9-58:52
75            android:name="com.example.kochakdns.SettingsActivity"
75-->src/main/AndroidManifest.xml:56:13-45
76            android:exported="false"
76-->src/main/AndroidManifest.xml:57:13-37
77            android:screenOrientation="portrait" />
77-->src/main/AndroidManifest.xml:58:13-49
78
79        <!-- صفحه تونل برنامه‌ها -->
80        <activity
80-->src/main/AndroidManifest.xml:61:9-64:52
81            android:name="com.example.kochakdns.TunnelAppsActivity"
81-->src/main/AndroidManifest.xml:62:13-47
82            android:exported="false"
82-->src/main/AndroidManifest.xml:63:13-37
83            android:screenOrientation="portrait" />
83-->src/main/AndroidManifest.xml:64:13-49
84
85        <!-- فعالیت مدیریت و تنظیمات DNS -->
86        <activity
86-->src/main/AndroidManifest.xml:67:9-70:52
87            android:name="com.example.kochakdns.DnsActivity"
87-->src/main/AndroidManifest.xml:68:13-40
88            android:exported="false"
88-->src/main/AndroidManifest.xml:69:13-37
89            android:screenOrientation="portrait" />
89-->src/main/AndroidManifest.xml:70:13-49
90
91        <!-- درباره ما -->
92        <activity
92-->src/main/AndroidManifest.xml:73:9-76:52
93            android:name="com.example.kochakdns.AboutActivity"
93-->src/main/AndroidManifest.xml:74:13-42
94            android:exported="false"
94-->src/main/AndroidManifest.xml:75:13-37
95            android:screenOrientation="portrait" />
95-->src/main/AndroidManifest.xml:76:13-49
96
97        <!-- سرویس وی‌پی‌ان -->
98        <service
98-->src/main/AndroidManifest.xml:79:9-92:19
99            android:name="com.example.kochakdns.MyVpnService"
99-->src/main/AndroidManifest.xml:80:13-41
100            android:exported="true"
100-->src/main/AndroidManifest.xml:81:13-36
101            android:foregroundServiceType="specialUse"
101-->src/main/AndroidManifest.xml:82:13-55
102            android:permission="android.permission.BIND_VPN_SERVICE" >
102-->src/main/AndroidManifest.xml:83:13-69
103            <intent-filter>
103-->src/main/AndroidManifest.xml:84:13-86:29
104                <action android:name="android.net.VpnService" />
104-->src/main/AndroidManifest.xml:85:17-65
104-->src/main/AndroidManifest.xml:85:25-62
105            </intent-filter>
106
107            <!-- برای اندروید 14+ - توضیح استفاده از Foreground Service -->
108            <property
108-->src/main/AndroidManifest.xml:89:13-91:66
109                android:name="android.app.PROPERTY_SPECIAL_USE_FGS_SUBTYPE"
109-->src/main/AndroidManifest.xml:90:17-76
110                android:value="VPN service for DNS management" />
110-->src/main/AndroidManifest.xml:91:17-63
111        </service>
112
113        <!-- برای نصب APK دانلودشده (بروزرسانی داخل برنامه) -->
114        <provider
115            android:name="androidx.core.content.FileProvider"
115-->src/main/AndroidManifest.xml:96:13-62
116            android:authorities="com.example.kochakdns.fileprovider"
116-->src/main/AndroidManifest.xml:97:13-64
117            android:exported="false"
117-->src/main/AndroidManifest.xml:98:13-37
118            android:grantUriPermissions="true" >
118-->src/main/AndroidManifest.xml:99:13-47
119            <meta-data
119-->src/main/AndroidManifest.xml:100:13-102:54
120                android:name="android.support.FILE_PROVIDER_PATHS"
120-->src/main/AndroidManifest.xml:101:17-67
121                android:resource="@xml/file_paths" />
121-->src/main/AndroidManifest.xml:102:17-51
122        </provider>
123        <provider
123-->[androidx.emoji2:emoji2:1.4.0] AndroidManifest.xml:24:9-32:20
124            android:name="androidx.startup.InitializationProvider"
124-->[androidx.emoji2:emoji2:1.4.0] AndroidManifest.xml:25:13-67
125            android:authorities="com.example.kochakdns.androidx-startup"
125-->[androidx.emoji2:emoji2:1.4.0] AndroidManifest.xml:26:13-68
126            android:exported="false" >
126-->[androidx.emoji2:emoji2:1.4.0] AndroidManifest.xml:27:13-37
127            <meta-data
127-->[androidx.emoji2:emoji2:1.4.0] AndroidManifest.xml:29:13-31:52
128                android:name="androidx.emoji2.text.EmojiCompatInitializer"
128-->[androidx.emoji2:emoji2:1.4.0] AndroidManifest.xml:30:17-75
129                android:value="androidx.startup" />
129-->[androidx.emoji2:emoji2:1.4.0] AndroidManifest.xml:31:17-49
130            <meta-data
130-->[androidx.lifecycle:lifecycle-process:2.6.2] AndroidManifest.xml:29:13-31:52
131                android:name="androidx.lifecycle.ProcessLifecycleInitializer"
131-->[androidx.lifecycle:lifecycle-process:2.6.2] AndroidManifest.xml:30:17-78
132                android:value="androidx.startup" />
132-->[androidx.lifecycle:lifecycle-process:2.6.2] AndroidManifest.xml:31:17-49
133            <meta-data
133-->[androidx.profileinstaller:profileinstaller:1.3.1] AndroidManifest.xml:29:13-31:52
134                android:name="androidx.profileinstaller.ProfileInstallerInitializer"
134-->[androidx.profileinstaller:profileinstaller:1.3.1] AndroidManifest.xml:30:17-85
135                android:value="androidx.startup" />
135-->[androidx.profileinstaller:profileinstaller:1.3.1] AndroidManifest.xml:31:17-49
136        </provider>
137
138        <receiver
138-->[androidx.profileinstaller:profileinstaller:1.3.1] AndroidManifest.xml:34:9-52:20
139            android:name="androidx.profileinstaller.ProfileInstallReceiver"
139-->[androidx.profileinstaller:profileinstaller:1.3.1] AndroidManifest.xml:35:13-76
140            android:directBootAware="false"
140-->[androidx.profileinstaller:profileinstaller:1.3.1] AndroidManifest.xml:36:13-44
141            android:enabled="true"
141-->[androidx.profileinstaller:profileinstaller:1.3.1] AndroidManifest.xml:37:13-35
142            android:exported="true"
142-->[androidx.profileinstaller:profileinstaller:1.3.1] AndroidManifest.xml:38:13-36
143            android:permission="android.permission.DUMP" >
143-->[androidx.profileinstaller:profileinstaller:1.3.1] AndroidManifest.xml:39:13-57
144            <intent-filter>
144-->[androidx.profileinstaller:profileinstaller:1.3.1] AndroidManifest.xml:40:13-42:29
145                <action android:name="androidx.profileinstaller.action.INSTALL_PROFILE" />
145-->[androidx.profileinstaller:profileinstaller:1.3.1] AndroidManifest.xml:41:17-91
145-->[androidx.profileinstaller:profileinstaller:1.3.1] AndroidManifest.xml:41:25-88
146            </intent-filter>
147            <intent-filter>
147-->[androidx.profileinstaller:profileinstaller:1.3.1] AndroidManifest.xml:43:13-45:29
148                <action android:name="androidx.profileinstaller.action.SKIP_FILE" />
148-->[androidx.profileinstaller:profileinstaller:1.3.1] AndroidManifest.xml:44:17-85
148-->[androidx.profileinstaller:profileinstaller:1.3.1] AndroidManifest.xml:44:25-82
149            </intent-filter>
150            <intent-filter>
150-->[androidx.profileinstaller:profileinstaller:1.3.1] AndroidManifest.xml:46:13-48:29
151                <action android:name="androidx.profileinstaller.action.SAVE_PROFILE" />
151-->[androidx.profileinstaller:profileinstaller:1.3.1] AndroidManifest.xml:47:17-88
151-->[androidx.profileinstaller:profileinstaller:1.3.1] AndroidManifest.xml:47:25-85
152            </intent-filter>
153            <intent-filter>
153-->[androidx.profileinstaller:profileinstaller:1.3.1] AndroidManifest.xml:49:13-51:29
154                <action android:name="androidx.profileinstaller.action.BENCHMARK_OPERATION" />
154-->[androidx.profileinstaller:profileinstaller:1.3.1] AndroidManifest.xml:50:17-95
154-->[androidx.profileinstaller:profileinstaller:1.3.1] AndroidManifest.xml:50:25-92
155            </intent-filter>
156        </receiver>
157    </application>
158
159</manifest>